<component name="libraryTable">
  <library name="junit-4.11-javadoc">
    <CLASSES>
      <root url="jar://$MAVEN_REPOSITORY$/junit/junit/4.11/junit-4.11.jar!/" />
    </CLASSES>
    <JAVADOC>
      <root url="jar://$MAVEN_REPOSITORY$/junit/junit/4.11/junit-4.11-javadoc.jar!/" />
    </JAVADOC>
    <SOURCES>
      <root url="jar://$MAVEN_REPOSITORY$/junit/junit/4.11/junit-4.11-sources.jar!/" />
    </SOURCES>
  </library>
</component>